<?xml version="1.0" encoding="UTF-8"?>
<!-- Generated by org.testng.reporters.JUnitXMLReporter -->
<testsuite ignored="0" hostname="KKolarov" failures="2" tests="6" name="SearchField_KrasiK_FinalQAA" time="121.882" errors="0" timestamp="2023-03-04T14:59:57 EET">
  <testcase classname="TestSearchField" name="testFindUser" time="46.837">
    <failure type="org.openqa.selenium.TimeoutException" message="Expected condition failed: waiting for visibility of element located by By.linkText: Startup2019 (tried for 40 second(s) with 500 milliseconds interval)
Build info: version: &amp;apos;4.7.1&amp;apos;, revision: &amp;apos;c6795baf1a3&amp;apos;
System info: os.name: &amp;apos;Windows 10&amp;apos;, os.arch: &amp;apos;amd64&amp;apos;, os.version: &amp;apos;10.0&amp;apos;, java.version: &amp;apos;11.0.2&amp;apos;
Driver info: org.openqa.selenium.edge.EdgeDriver
Capabilities {acceptInsecureCerts: false, browserName: msedge, browserVersion: 110.0.1587.57, ms:edgeOptions: {debuggerAddress: localhost:65424}, msedge: {msedgedriverVersion: 110.0.1587.63 (b26c9b8fc01e..., userDataDir: C:\Users\KKolarov\AppData\L...}, networkConnectionEnabled: false, pageLoadStrategy: normal, platformName: WINDOWS, proxy: Proxy(), se:cdp: ws://localhost:65424/devtoo..., se:cdpVersion: 110.0.1587.57, setWindowRect: true, strictFileInteractability: false, timeouts: {implicit: 0, pageLoad: 300000, script: 30000}, unhandledPromptBehavior: dismiss and notify, webauthn:extension:credBlob: true, webauthn:extension:largeBlob: true, webauthn:virtualAuthenticators: true}
Session ID: 58e13cea2d00711e1abdcb38a51faa49">
      <![CDATA[org.openqa.selenium.TimeoutException: Expected condition failed: waiting for visibility of element located by By.linkText: Startup2019 (tried for 40 second(s) with 500 milliseconds interval)
Build info: version: '4.7.1', revision: 'c6795baf1a3'
System info: os.name: 'Windows 10', os.arch: 'amd64', os.version: '10.0', java.version: '11.0.2'
Driver info: org.openqa.selenium.edge.EdgeDriver
Capabilities {acceptInsecureCerts: false, browserName: msedge, browserVersion: 110.0.1587.57, ms:edgeOptions: {debuggerAddress: localhost:65424}, msedge: {msedgedriverVersion: 110.0.1587.63 (b26c9b8fc01e..., userDataDir: C:\Users\KKolarov\AppData\L...}, networkConnectionEnabled: false, pageLoadStrategy: normal, platformName: WINDOWS, proxy: Proxy(), se:cdp: ws://localhost:65424/devtoo..., se:cdpVersion: 110.0.1587.57, setWindowRect: true, strictFileInteractability: false, timeouts: {implicit: 0, pageLoad: 300000, script: 30000}, unhandledPromptBehavior: dismiss and notify, webauthn:extension:credBlob: true, webauthn:extension:largeBlob: true, webauthn:virtualAuthenticators: true}
Session ID: 58e13cea2d00711e1abdcb38a51faa49
at org.openqa.selenium.support.ui.WebDriverWait.timeoutException(WebDriverWait.java:87)
at org.openqa.selenium.support.ui.FluentWait.until(FluentWait.java:231)
at org.krasi.qa.pages.Header.selectUser(Header.java:61)
at TestSearchField.testFindUser(TestSearchField.java:32)
at java.base/java.util.ArrayList.forEach(ArrayList.java:1540)
at com.intellij.rt.testng.IDEARemoteTestNG.run(IDEARemoteTestNG.java:66)
at com.intellij.rt.testng.RemoteTestNGStarter.main(RemoteTestNGStarter.java:109)
... Removed 24 stack frames]]>
    </failure>
  </testcase> <!-- testFindUser -->
  <testcase classname="TestSearchField" name="testFindUser" time="7.957"/>
  <testcase classname="TestSearchField" name="testFindUser" time="15.729">
    <failure type="org.openqa.selenium.TimeoutException" message="Expected condition failed: waiting for url to contain &amp;quot;http://training.skillo-bg.com:4300/users/&amp;quot;. Current url: &amp;quot;http://training.skillo-bg.com:4300/posts/all&amp;quot; (tried for 10 second(s) with 500 milliseconds interval)
Build info: version: &amp;apos;4.7.1&amp;apos;, revision: &amp;apos;c6795baf1a3&amp;apos;
System info: os.name: &amp;apos;Windows 10&amp;apos;, os.arch: &amp;apos;amd64&amp;apos;, os.version: &amp;apos;10.0&amp;apos;, java.version: &amp;apos;11.0.2&amp;apos;
Driver info: org.openqa.selenium.edge.EdgeDriver
Capabilities {acceptInsecureCerts: false, browserName: msedge, browserVersion: 110.0.1587.57, ms:edgeOptions: {debuggerAddress: localhost:49154}, msedge: {msedgedriverVersion: 110.0.1587.63 (b26c9b8fc01e..., userDataDir: C:\Users\KKolarov\AppData\L...}, networkConnectionEnabled: false, pageLoadStrategy: normal, platformName: WINDOWS, proxy: Proxy(), se:cdp: ws://localhost:49154/devtoo..., se:cdpVersion: 110.0.1587.57, setWindowRect: true, strictFileInteractability: false, timeouts: {implicit: 0, pageLoad: 300000, script: 30000}, unhandledPromptBehavior: dismiss and notify, webauthn:extension:credBlob: true, webauthn:extension:largeBlob: true, webauthn:virtualAuthenticators: true}
Session ID: 64184c569aaebc43c736326594a49033">
      <![CDATA[org.openqa.selenium.TimeoutException: Expected condition failed: waiting for url to contain "http://training.skillo-bg.com:4300/users/". Current url: "http://training.skillo-bg.com:4300/posts/all" (tried for 10 second(s) with 500 milliseconds interval)
Build info: version: '4.7.1', revision: 'c6795baf1a3'
System info: os.name: 'Windows 10', os.arch: 'amd64', os.version: '10.0', java.version: '11.0.2'
Driver info: org.openqa.selenium.edge.EdgeDriver
Capabilities {acceptInsecureCerts: false, browserName: msedge, browserVersion: 110.0.1587.57, ms:edgeOptions: {debuggerAddress: localhost:49154}, msedge: {msedgedriverVersion: 110.0.1587.63 (b26c9b8fc01e..., userDataDir: C:\Users\KKolarov\AppData\L...}, networkConnectionEnabled: false, pageLoadStrategy: normal, platformName: WINDOWS, proxy: Proxy(), se:cdp: ws://localhost:49154/devtoo..., se:cdpVersion: 110.0.1587.57, setWindowRect: true, strictFileInteractability: false, timeouts: {implicit: 0, pageLoad: 300000, script: 30000}, unhandledPromptBehavior: dismiss and notify, webauthn:extension:credBlob: true, webauthn:extension:largeBlob: true, webauthn:virtualAuthenticators: true}
Session ID: 64184c569aaebc43c736326594a49033
at org.openqa.selenium.support.ui.WebDriverWait.timeoutException(WebDriverWait.java:87)
at org.openqa.selenium.support.ui.FluentWait.until(FluentWait.java:231)
at org.krasi.qa.pages.UserPage.isUrlLoaded(UserPage.java:23)
at TestSearchField.testFindUser(TestSearchField.java:34)
at java.base/java.util.ArrayList.forEach(ArrayList.java:1540)
at com.intellij.rt.testng.IDEARemoteTestNG.run(IDEARemoteTestNG.java:66)
at com.intellij.rt.testng.RemoteTestNGStarter.main(RemoteTestNGStarter.java:109)
... Removed 24 stack frames]]>
    </failure>
  </testcase> <!-- testFindUser -->
  <testcase classname="TestSearchField" name="testIsSearchBarVisibleAfterLogin" time="5.252"/>
  <testcase classname="TestSearchField" name="testIsSearchBarVisibleAfterLogin" time="3.055"/>
  <testcase classname="TestSearchField" name="testIsSearchBarVisibleAfterLogin" time="3.216"/>
</testsuite> <!-- SearchField_KrasiK_FinalQAA -->
